{"contracts\\Raffle.sol":{"l":{"67":3,"68":3,"69":3,"70":3,"71":3,"72":3,"73":3,"74":3,"78":5,"79":1,"81":4,"82":1,"84":3,"88":3,"111":1,"112":1,"113":1,"114":1,"115":1,"121":1,"122":1,"123":0,"130":1,"131":1,"138":1,"145":0,"146":0,"147":0,"148":0,"149":0,"150":0,"151":0,"153":0,"154":0,"156":0,"162":5,"166":1,"170":0,"174":1,"178":0,"182":0,"186":0,"190":0,"194":5},"path":"C:\\Users\\HP\\hardhat-smartcontract-lottery\\contracts\\Raffle.sol","s":{"1":5,"2":4,"3":3,"4":3,"5":1,"6":1,"7":1,"8":1,"9":1,"10":1,"11":1,"12":1,"13":0,"14":0,"15":0,"16":0,"17":0,"18":5,"19":1,"20":0,"21":1,"22":0,"23":0,"24":0,"25":0,"26":5},"b":{"1":[1,4],"2":[1,3],"3":[0,1],"4":[0,0]},"f":{"1":3,"2":5,"3":1,"4":1,"5":0,"6":5,"7":1,"8":0,"9":1,"10":0,"11":0,"12":0,"13":0,"14":5},"fnMap":{"1":{"name":"constructor","line":66,"loc":{"start":{"line":59,"column":4},"end":{"line":75,"column":4}}},"2":{"name":"enterRaffle","line":77,"loc":{"start":{"line":77,"column":4},"end":{"line":89,"column":4}}},"3":{"name":"checkUpkeep","line":101,"loc":{"start":{"line":101,"column":4},"end":{"line":116,"column":4}}},"4":{"name":"performUpkeep","line":118,"loc":{"start":{"line":118,"column":4},"end":{"line":139,"column":4}}},"5":{"name":"fulfillRandomWords","line":141,"loc":{"start":{"line":141,"column":4},"end":{"line":157,"column":4}}},"6":{"name":"getEntranceFee","line":161,"loc":{"start":{"line":161,"column":4},"end":{"line":163,"column":4}}},"7":{"name":"getPlayer","line":165,"loc":{"start":{"line":165,"column":4},"end":{"line":167,"column":4}}},"8":{"name":"getWinner","line":169,"loc":{"start":{"line":169,"column":4},"end":{"line":171,"column":4}}},"9":{"name":"getRaffleState","line":173,"loc":{"start":{"line":173,"column":4},"end":{"line":175,"column":4}}},"10":{"name":"getNumWords","line":177,"loc":{"start":{"line":177,"column":4},"end":{"line":179,"column":4}}},"11":{"name":"getNumberOfPlayers","line":181,"loc":{"start":{"line":181,"column":4},"end":{"line":183,"column":4}}},"12":{"name":"getLatestTimeStamp","line":185,"loc":{"start":{"line":185,"column":4},"end":{"line":187,"column":4}}},"13":{"name":"getRequestConfirmations","line":189,"loc":{"start":{"line":189,"column":4},"end":{"line":191,"column":4}}},"14":{"name":"getInterval","line":193,"loc":{"start":{"line":193,"column":4},"end":{"line":195,"column":4}}}},"statementMap":{"1":{"start":{"line":78,"column":8},"end":{"line":78,"column":2600}},"2":{"start":{"line":81,"column":8},"end":{"line":81,"column":2704}},"3":{"start":{"line":84,"column":8},"end":{"line":84,"column":42}},"4":{"start":{"line":88,"column":8},"end":{"line":88,"column":36}},"5":{"start":{"line":111,"column":8},"end":{"line":111,"column":57}},"6":{"start":{"line":112,"column":8},"end":{"line":112,"column":76}},"7":{"start":{"line":113,"column":8},"end":{"line":113,"column":46}},"8":{"start":{"line":114,"column":8},"end":{"line":114,"column":51}},"9":{"start":{"line":121,"column":8},"end":{"line":121,"column":47}},"10":{"start":{"line":122,"column":8},"end":{"line":122,"column":4146}},"11":{"start":{"line":131,"column":8},"end":{"line":131,"column":4416}},"12":{"start":{"line":138,"column":8},"end":{"line":138,"column":45}},"13":{"start":{"line":145,"column":8},"end":{"line":145,"column":65}},"14":{"start":{"line":146,"column":8},"end":{"line":146,"column":55}},"15":{"start":{"line":151,"column":8},"end":{"line":151,"column":78}},"16":{"start":{"line":153,"column":8},"end":{"line":153,"column":5222}},"17":{"start":{"line":156,"column":8},"end":{"line":156,"column":39}},"18":{"start":{"line":162,"column":8},"end":{"line":162,"column":28}},"19":{"start":{"line":166,"column":8},"end":{"line":166,"column":31}},"20":{"start":{"line":170,"column":8},"end":{"line":170,"column":29}},"21":{"start":{"line":174,"column":8},"end":{"line":174,"column":28}},"22":{"start":{"line":178,"column":8},"end":{"line":178,"column":16}},"23":{"start":{"line":182,"column":8},"end":{"line":182,"column":31}},"24":{"start":{"line":186,"column":8},"end":{"line":186,"column":30}},"25":{"start":{"line":190,"column":8},"end":{"line":190,"column":36}},"26":{"start":{"line":194,"column":8},"end":{"line":194,"column":25}}},"branchMap":{"1":{"line":78,"type":"if","locations":[{"start":{"line":78,"column":8},"end":{"line":78,"column":8}},{"start":{"line":78,"column":8},"end":{"line":78,"column":8}}]},"2":{"line":81,"type":"if","locations":[{"start":{"line":81,"column":8},"end":{"line":81,"column":8}},{"start":{"line":81,"column":8},"end":{"line":81,"column":8}}]},"3":{"line":122,"type":"if","locations":[{"start":{"line":122,"column":8},"end":{"line":122,"column":8}},{"start":{"line":122,"column":8},"end":{"line":122,"column":8}}]},"4":{"line":153,"type":"if","locations":[{"start":{"line":153,"column":8},"end":{"line":153,"column":8}},{"start":{"line":153,"column":8},"end":{"line":153,"column":8}}]}}},"contracts\\test\\VRFCoordinatorV2Mock.sol":{"l":{},"path":"C:\\Users\\HP\\hardhat-smartcontract-lottery\\contracts\\test\\VRFCoordinatorV2Mock.sol","s":{},"b":{},"f":{},"fnMap":{},"statementMap":{},"branchMap":{}}}