TN:
SF:C:\Users\HP\hardhat-smartcontract-lottery\contracts\Raffle.sol
FN:66,constructor
FN:77,enterRaffle
FN:101,checkUpkeep
FN:118,performUpkeep
FN:141,fulfillRandomWords
FN:161,getEntranceFee
FN:165,getPlayer
FN:169,getWinner
FN:173,getRaffleState
FN:177,getNumWords
FN:181,getNumberOfPlayers
FN:185,getLatestTimeStamp
FN:189,getRequestConfirmations
FN:193,getInterval
FNF:14
FNH:8
FNDA:3,constructor
FNDA:5,enterRaffle
FNDA:1,checkUpkeep
FNDA:1,performUpkeep
FNDA:0,fulfillRandomWords
FNDA:5,getEntranceFee
FNDA:1,getPlayer
FNDA:0,getWinner
FNDA:1,getRaffleState
FNDA:0,getNumWords
FNDA:0,getNumberOfPlayers
FNDA:0,getLatestTimeStamp
FNDA:0,getRequestConfirmations
FNDA:5,getInterval
DA:67,3
DA:68,3
DA:69,3
DA:70,3
DA:71,3
DA:72,3
DA:73,3
DA:74,3
DA:78,5
DA:79,1
DA:81,4
DA:82,1
DA:84,3
DA:88,3
DA:111,1
DA:112,1
DA:113,1
DA:114,1
DA:115,1
DA:121,1
DA:122,1
DA:123,0
DA:130,1
DA:131,1
DA:138,1
DA:145,0
DA:146,0
DA:147,0
DA:148,0
DA:149,0
DA:150,0
DA:151,0
DA:153,0
DA:154,0
DA:156,0
DA:162,5
DA:166,1
DA:170,0
DA:174,1
DA:178,0
DA:182,0
DA:186,0
DA:190,0
DA:194,5
LF:44
LH:28
BRDA:78,1,0,1
BRDA:78,1,1,4
BRDA:81,2,0,1
BRDA:81,2,1,3
BRDA:122,3,0,0
BRDA:122,3,1,1
BRDA:153,4,0,0
BRDA:153,4,1,0
BRF:8
BRH:5
end_of_record
TN:
SF:C:\Users\HP\hardhat-smartcontract-lottery\contracts\test\VRFCoordinatorV2Mock.sol
FNF:0
FNH:0
LF:0
LH:0
BRF:0
BRH:0
end_of_record
